#
# There is insufficient memory for the Java Runtime Environment to continue.
# Native memory allocation (malloc) failed to allocate 391296 bytes for Chunk::new
# Possible reasons:
#   The system is out of physical RAM or swap space
#   The process is running with CompressedOops enabled, and the Java Heap may be blocking the growth of the native heap
# Possible solutions:
#   Reduce memory load on the system
#   Increase physical memory or swap space
#   Check if swap backing store is full
#   Decrease Java heap size (-Xmx/-Xms)
#   Decrease number of Java threads
#   Decrease Java thread stack sizes (-Xss)
#   Set larger code cache with -XX:ReservedCodeCacheSize=
#   JVM is running with Unscaled Compressed Oops mode in which the Java heap is
#     placed in the first 4GB address space. The Java Heap base address is the
#     maximum limit for the native heap growth. Please use -XX:HeapBaseMinAddress
#     to set the Java Heap base and to place the Java Heap above 4GB virtual address.
# This output file may be truncated or incomplete.
#
#  Out of Memory Error (allocation.cpp:389), pid=16044, tid=0x0000000000000978
#
# JRE version: Java(TM) SE Runtime Environment (8.0_221-b11) (build 1.8.0_221-b11)
# Java VM: Java HotSpot(TM) 64-Bit Server VM (25.221-b11 mixed mode windows-amd64 compressed oops)
# Failed to write core dump. Minidumps are not enabled by default on client versions of Windows
#

---------------  T H R E A D  ---------------

Current thread (0x0000000016fbd000):  JavaThread "C2 CompilerThread2" daemon [_thread_in_native, id=2424, stack(0x0000000017a70000,0x0000000017b70000)]

Stack: [0x0000000017a70000,0x0000000017b70000]
[error occurred during error reporting (printing stack bounds), id 0xc0000005]

Native frames: (J=compiled Java code, j=interpreted, Vv=VM code, C=native code)


Current CompileTask:
C2:  12887 5071       4       io.spring.gradle.dependencymanagement.org.codehaus.plexus.util.xml.pull.MXParser::parseStartTag (1210 bytes)


---------------  P R O C E S S  ---------------

Java Threads: ( => current thread )
  0x000000001a258000 JavaThread "Unconstrained build operations Thread 27" [_thread_blocked, id=18972, stack(0x0000000027a30000,0x0000000027b30000)]
  0x000000001a25b000 JavaThread "Unconstrained build operations Thread 26" [_thread_blocked, id=10808, stack(0x0000000027930000,0x0000000027a30000)]
  0x000000001a25c000 JavaThread "Unconstrained build operations Thread 25" [_thread_blocked, id=4060, stack(0x0000000027830000,0x0000000027930000)]
  0x000000001a24f000 JavaThread "Unconstrained build operations Thread 24" [_thread_blocked, id=22164, stack(0x0000000027730000,0x0000000027830000)]
  0x000000001a255800 JavaThread "Unconstrained build operations Thread 23" [_thread_blocked, id=18800, stack(0x0000000027630000,0x0000000027730000)]
  0x000000001a252000 JavaThread "Unconstrained build operations Thread 22" [_thread_blocked, id=23884, stack(0x0000000027530000,0x0000000027630000)]
  0x000000001a252800 JavaThread "Unconstrained build operations Thread 21" [_thread_blocked, id=6480, stack(0x00000000260c0000,0x00000000261c0000)]
  0x000000001a251000 JavaThread "idea-tooling-model-converter" [_thread_blocked, id=19512, stack(0x0000000025fc0000,0x00000000260c0000)]
  0x000000001a257000 JavaThread "Cache worker for execution history cache (D:\My directory\new things\failase-library-demo\.gradle\7.4\executionHistory)" [_thread_blocked, id=19708, stack(0x0000000025cc0000,0x0000000025dc0000)]
  0x000000001a255000 JavaThread "included builds" [_thread_blocked, id=18080, stack(0x0000000026400000,0x0000000026500000)]
  0x000000001a253800 JavaThread "Memory manager" [_thread_blocked, id=21144, stack(0x00000000256c0000,0x00000000257c0000)]
  0x000000001a24e000 JavaThread "Unconstrained build operations Thread 20" [_thread_blocked, id=13384, stack(0x00000000253c0000,0x00000000254c0000)]
  0x000000001a24f800 JavaThread "Unconstrained build operations Thread 19" [_thread_blocked, id=17016, stack(0x00000000252c0000,0x00000000253c0000)]
  0x000000001a254000 JavaThread "Unconstrained build operations Thread 18" [_thread_blocked, id=16552, stack(0x00000000251c0000,0x00000000252c0000)]
  0x000000001a250800 JavaThread "Unconstrained build operations Thread 17" [_thread_blocked, id=20256, stack(0x00000000250c0000,0x00000000251c0000)]
  0x0000000021b4e000 JavaThread "Unconstrained build operations Thread 16" [_thread_blocked, id=14008, stack(0x0000000024fc0000,0x00000000250c0000)]
  0x0000000021b4d000 JavaThread "Unconstrained build operations Thread 15" [_thread_blocked, id=23560, stack(0x0000000024ec0000,0x0000000024fc0000)]
  0x0000000021b4b800 JavaThread "Unconstrained build operations Thread 14" [_thread_blocked, id=9644, stack(0x0000000024dc0000,0x0000000024ec0000)]
  0x0000000021b49800 JavaThread "Unconstrained build operations Thread 13" [_thread_blocked, id=2920, stack(0x0000000024cc0000,0x0000000024dc0000)]
  0x0000000021b4c800 JavaThread "Unconstrained build operations Thread 12" [_thread_blocked, id=22708, stack(0x0000000024bc0000,0x0000000024cc0000)]
  0x0000000021b50000 JavaThread "Unconstrained build operations Thread 11" [_thread_blocked, id=5452, stack(0x0000000024ac0000,0x0000000024bc0000)]
  0x0000000021b4e800 JavaThread "Unconstrained build operations Thread 10" [_thread_blocked, id=22496, stack(0x00000000249c0000,0x0000000024ac0000)]
  0x0000000021b4b000 JavaThread "Unconstrained build operations Thread 9" [_thread_blocked, id=21156, stack(0x00000000248c0000,0x00000000249c0000)]
  0x0000000021b4a000 JavaThread "Unconstrained build operations Thread 8" [_thread_blocked, id=23980, stack(0x00000000247c0000,0x00000000248c0000)]
  0x0000000021b4f800 JavaThread "Unconstrained build operations Thread 7" [_thread_blocked, id=20008, stack(0x00000000246c0000,0x00000000247c0000)]
  0x0000000021b42000 JavaThread "Unconstrained build operations Thread 6" [_thread_blocked, id=3056, stack(0x00000000245c0000,0x00000000246c0000)]
  0x0000000021b48800 JavaThread "Unconstrained build operations Thread 5" [_thread_blocked, id=10824, stack(0x00000000244c0000,0x00000000245c0000)]
  0x0000000021b46800 JavaThread "Unconstrained build operations Thread 4" [_thread_blocked, id=23128, stack(0x00000000243c0000,0x00000000244c0000)]
  0x0000000021b44000 JavaThread "Unconstrained build operations Thread 3" [_thread_blocked, id=14544, stack(0x00000000242c0000,0x00000000243c0000)]
  0x0000000021b42800 JavaThread "Unconstrained build operations Thread 2" [_thread_blocked, id=4444, stack(0x00000000241c0000,0x00000000242c0000)]
  0x0000000021b48000 JavaThread "Unconstrained build operations" [_thread_blocked, id=18712, stack(0x00000000240c0000,0x00000000241c0000)]
  0x0000000021b47000 JavaThread "Cache worker for Build Output Cleanup Cache (D:\My directory\new things\failase-library-demo\.gradle\buildOutputCleanup)" [_thread_blocked, id=17388, stack(0x0000000023dc0000,0x0000000023ec0000)]
  0x0000000021b43800 JavaThread "Cache worker for dependencies-accessors (D:\My directory\new things\failase-library-demo\.gradle\7.4\dependencies-accessors)" [_thread_blocked, id=12904, stack(0x0000000022830000,0x0000000022930000)]
  0x0000000021b45000 JavaThread "Cache worker for kotlin-dsl (C:\Users\HAMZIM\.gradle\caches\7.4\kotlin-dsl)" [_thread_blocked, id=4076, stack(0x00000000214f0000,0x00000000215f0000)]
  0x000000001a0ea800 JavaThread "Cache worker for file content cache (C:\Users\HAMZIM\.gradle\caches\7.4\fileContent)" [_thread_blocked, id=23860, stack(0x00000000207e0000,0x00000000208e0000)]
  0x000000001a0e8800 JavaThread "Cache worker for execution history cache (C:\Users\HAMZIM\.gradle\caches\7.4\executionHistory)" [_thread_blocked, id=19032, stack(0x00000000206e0000,0x00000000207e0000)]
  0x000000001a0e7800 JavaThread "Cache worker for cache directory md-supplier (C:\Users\HAMZIM\.gradle\caches\7.4\md-supplier)" [_thread_blocked, id=19240, stack(0x00000000203e0000,0x00000000204e0000)]
  0x000000001a0ec000 JavaThread "Cache worker for file hash cache (D:\My directory\new things\failase-library-demo\.gradle\7.4\fileHashes)" [_thread_blocked, id=10776, stack(0x00000000202e0000,0x00000000203e0000)]
  0x000000001a0e7000 JavaThread "Cache worker for cache directory md-rule (C:\Users\HAMZIM\.gradle\caches\7.4\md-rule)" [_thread_blocked, id=14144, stack(0x00000000201e0000,0x00000000202e0000)]
  0x000000001a0e6000 JavaThread "Cache worker for checksums cache (D:\My directory\new things\failase-library-demo\.gradle\7.4\checksums)" [_thread_blocked, id=19488, stack(0x00000000200e0000,0x00000000201e0000)]
  0x000000001a0e9000 JavaThread "jar transforms Thread 8" [_thread_blocked, id=17896, stack(0x000000001fde0000,0x000000001fee0000)]
  0x000000001a0ed000 JavaThread "jar transforms Thread 7" [_thread_blocked, id=11616, stack(0x000000001fce0000,0x000000001fde0000)]
  0x000000001a0ea000 JavaThread "jar transforms Thread 6" [_thread_blocked, id=4536, stack(0x000000001fbe0000,0x000000001fce0000)]
  0x00000000183bc000 JavaThread "jar transforms Thread 5" [_thread_blocked, id=17960, stack(0x000000001fae0000,0x000000001fbe0000)]
  0x00000000183bf000 JavaThread "jar transforms Thread 4" [_thread_blocked, id=7044, stack(0x000000001f9e0000,0x000000001fae0000)]
  0x00000000183ba800 JavaThread "jar transforms Thread 3" [_thread_blocked, id=21208, stack(0x000000001f8e0000,0x000000001f9e0000)]
  0x00000000183bb000 JavaThread "jar transforms Thread 2" [_thread_blocked, id=16056, stack(0x000000001f7e0000,0x000000001f8e0000)]
  0x00000000183c0800 JavaThread "jar transforms" [_thread_blocked, id=2364, stack(0x000000001f6e0000,0x000000001f7e0000)]
  0x00000000183be000 JavaThread "File watcher consumer" daemon [_thread_blocked, id=20232, stack(0x000000001e160000,0x000000001e260000)]
  0x00000000183bf800 JavaThread "File watcher server" daemon [_thread_in_native, id=21608, stack(0x000000001e060000,0x000000001e160000)]
  0x00000000183bc800 JavaThread "Cache worker for file hash cache (C:\Users\HAMZIM\.gradle\caches\7.4\fileHashes)" [_thread_blocked, id=8088, stack(0x000000001cd90000,0x000000001ce90000)]
  0x00000000183bd800 JavaThread "File lock request listener" [_thread_in_native, id=15720, stack(0x000000001bcc0000,0x000000001bdc0000)]
  0x00000000183c1000 JavaThread "Cache worker for journal cache (C:\Users\HAMZIM\.gradle\caches\journal-1)" [_thread_blocked, id=16472, stack(0x000000001bbc0000,0x000000001bcc0000)]
  0x0000000019b9f800 JavaThread "Daemon client event forwarder" [_thread_blocked, id=15600, stack(0x000000001b8c0000,0x000000001b9c0000)]
  0x0000000019b9d000 JavaThread "Stdin handler" [_thread_blocked, id=24228, stack(0x000000001b7c0000,0x000000001b8c0000)]
  0x0000000019b9c000 JavaThread "Asynchronous log dispatcher for DefaultDaemonConnection: socket connection from /127.0.0.1:51258 to /127.0.0.1:51259" [_thread_blocked, id=20224, stack(0x000000001b5c0000,0x000000001b6c0000)]
  0x0000000019b9b000 JavaThread "Daemon worker" [_thread_in_Java, id=15076, stack(0x000000001b4c0000,0x000000001b5c0000)]
  0x0000000019b97800 JavaThread "Cancel handler" [_thread_blocked, id=23656, stack(0x000000001b3c0000,0x000000001b4c0000)]
  0x0000000019b3b800 JavaThread "Handler for socket connection from /127.0.0.1:51258 to /127.0.0.1:51259" [_thread_in_native, id=18720, stack(0x000000001b2c0000,0x000000001b3c0000)]
  0x0000000019b1d800 JavaThread "Daemon" [_thread_blocked, id=5200, stack(0x000000001b1c0000,0x000000001b2c0000)]
  0x0000000019c30000 JavaThread "Daemon periodic checks" [_thread_blocked, id=18692, stack(0x000000001b0c0000,0x000000001b1c0000)]
  0x0000000019c2d000 JavaThread "Incoming local TCP Connector on port 51258" [_thread_in_native, id=22292, stack(0x000000001ac50000,0x000000001ad50000)]
  0x0000000019a9e800 JavaThread "Daemon health stats" [_thread_blocked, id=24052, stack(0x000000001a810000,0x000000001a910000)]
  0x0000000016ff0000 JavaThread "Service Thread" daemon [_thread_blocked, id=11232, stack(0x0000000017c70000,0x0000000017d70000)]
  0x0000000016fc4000 JavaThread "C1 CompilerThread3" daemon [_thread_in_native, id=19628, stack(0x0000000017b70000,0x0000000017c70000)]
=>0x0000000016fbd000 JavaThread "C2 CompilerThread2" daemon [_thread_in_native, id=2424, stack(0x0000000017a70000,0x0000000017b70000)]
  0x0000000016fbc000 JavaThread "C2 CompilerThread1" daemon [_thread_in_native, id=11332, stack(0x0000000017970000,0x0000000017a70000)]
  0x0000000016f69000 JavaThread "C2 CompilerThread0" daemon [_thread_in_native, id=4900, stack(0x0000000017870000,0x0000000017970000)]
  0x0000000016f67800 JavaThread "Attach Listener" daemon [_thread_blocked, id=13768, stack(0x0000000017770000,0x0000000017870000)]
  0x0000000016f66800 JavaThread "Signal Dispatcher" daemon [_thread_blocked, id=1292, stack(0x0000000017670000,0x0000000017770000)]
  0x0000000002589000 JavaThread "Finalizer" daemon [_thread_blocked, id=15168, stack(0x0000000017440000,0x0000000017540000)]
  0x000000001516d000 JavaThread "Reference Handler" daemon [_thread_blocked, id=13540, stack(0x0000000017340000,0x0000000017440000)]
  0x000000000264d800 JavaThread "main" [_thread_blocked, id=19312, stack(0x0000000002310000,0x0000000002410000)]

Other Threads:
  0x0000000015169000 VMThread [stack: 0x0000000016e40000,0x0000000016f40000] [id=17680]
  0x0000000016ff1800 WatcherThread [stack: 0x0000000017d70000,0x0000000017e70000] [id=7068]

VM state:not at safepoint (normal execution)

VM Mutex/Monitor currently owned by a thread: None

heap address: 0x00000000c0000000, size: 1024 MB, Compressed Oops mode: 32-bit
Narrow klass base: 0x0000000000000000, Narrow klass shift: 3
Compressed class space size: 1073741824 Address: 0x0000000100000000

Heap:
 PSYoungGen      total 317952K, used 12973K [0x00000000eab00000, 0x0000000100000000, 0x0000000100000000)
  eden space 297984K, 4% used [0x00000000eab00000,0x00000000eb7ab4b8,0x00000000fce00000)
  from space 19968K, 0% used [0x00000000fce00000,0x00000000fce00000,0x00000000fe180000)
  to   space 20480K, 0% used [0x00000000fec00000,0x00000000fec00000,0x0000000100000000)
 ParOldGen       total 203776K, used 29040K [0x00000000c0000000, 0x00000000cc700000, 0x00000000eab00000)
  object space 203776K, 14% used [0x00000000c0000000,0x00000000c1c5c2b8,0x00000000cc700000)
 Metaspace       used 55443K, capacity 58894K, committed 59352K, reserved 1099776K
  class space    used 7954K, capacity 8620K, committed 8704K, reserved 1048576K

Card table byte_map: [0x0000000011a10000,0x0000000011c20000] byte_map_base: 0x0000000011410000

Marking Bits: (ParMarkBitMap*) 0x000000005d135ce0
 Begin Bits: [0x0000000012580000, 0x0000000013580000)
 End Bits:   [0x0000000013580000, 0x0000000014580000)

Polling page: 0x0000000000660000

CodeCache: size=245760Kb used=16642Kb max_used=16642Kb free=229117Kb
 bounds [0x0000000002650000, 0x00000000036b0000, 0x0000000011650000]
 total_blobs=5333 nmethods=4547 adapters=698
 compilation: enabled

Compilation events (10 events):
Event: 12.883 Thread 0x0000000016f69000 nmethod 5057 0x000000000368e590 code [0x000000000368e7e0, 0x000000000368fe30]
Event: 12.883 Thread 0x0000000016f69000 5077       4       io.spring.gradle.dependencymanagement.org.codehaus.plexus.util.xml.pull.MXParser::nextImpl (1195 bytes)
Event: 12.884 Thread 0x0000000016fc4000 nmethod 5086 0x0000000003691150 code [0x00000000036915c0, 0x00000000036948f8]
Event: 12.884 Thread 0x0000000016fc4000 5093   !   3       io.spring.gradle.dependencymanagement.org.apache.maven.model.interpolation.AbstractStringBasedModelInterpolator::interpolateInternal (357 bytes)
Event: 12.885 Thread 0x0000000016fc4000 nmethod 5093 0x000000000368a290 code [0x000000000368a6a0, 0x000000000368cc68]
Event: 12.885 Thread 0x0000000016fc4000 5083       3       java.util.ArrayList::subList (22 bytes)
Event: 12.886 Thread 0x0000000016fc4000 nmethod 5083 0x0000000003696550 code [0x00000000036966c0, 0x0000000003696918]
Event: 12.886 Thread 0x0000000016fc4000 5096       3       org.gradle.api.internal.DefaultNamedDomainObjectCollection$UnfilteredIndex::getPending (14 bytes)
Event: 12.886 Thread 0x0000000016fc4000 nmethod 5096 0x0000000003696a10 code [0x0000000003696b80, 0x0000000003696ea8]
Event: 12.886 Thread 0x0000000016fc4000 5097       3       org.gradle.internal.classpath.AccessTrackingProperties::reportKeyAndValue (36 bytes)

GC Heap History (10 events):
Event: 7.226 GC heap before
{Heap before GC invocations=8 (full 2):
 PSYoungGen      total 229888K, used 8247K [0x00000000eab00000, 0x00000000f9980000, 0x0000000100000000)
  eden space 216576K, 0% used [0x00000000eab00000,0x00000000eab00000,0x00000000f7e80000)
  from space 13312K, 61% used [0x00000000f8b80000,0x00000000f938de10,0x00000000f9880000)
  to   space 13312K, 0% used [0x00000000f7e80000,0x00000000f7e80000,0x00000000f8b80000)
 ParOldGen       total 91136K, used 10690K [0x00000000c0000000, 0x00000000c5900000, 0x00000000eab00000)
  object space 91136K, 11% used [0x00000000c0000000,0x00000000c0a70880,0x00000000c5900000)
 Metaspace       used 33763K, capacity 35298K, committed 35456K, reserved 1079296K
  class space    used 4822K, capacity 5161K, committed 5248K, reserved 1048576K
Event: 7.310 GC heap after
Heap after GC invocations=8 (full 2):
 PSYoungGen      total 229888K, used 0K [0x00000000eab00000, 0x00000000f9980000, 0x0000000100000000)
  eden space 216576K, 0% used [0x00000000eab00000,0x00000000eab00000,0x00000000f7e80000)
  from space 13312K, 0% used [0x00000000f8b80000,0x00000000f8b80000,0x00000000f9880000)
  to   space 13312K, 0% used [0x00000000f7e80000,0x00000000f7e80000,0x00000000f8b80000)
 ParOldGen       total 142336K, used 15971K [0x00000000c0000000, 0x00000000c8b00000, 0x00000000eab00000)
  object space 142336K, 11% used [0x00000000c0000000,0x00000000c0f98fa8,0x00000000c8b00000)
 Metaspace       used 33743K, capacity 35232K, committed 35456K, reserved 1079296K
  class space    used 4816K, capacity 5150K, committed 5248K, reserved 1048576K
}
Event: 9.703 GC heap before
{Heap before GC invocations=9 (full 2):
 PSYoungGen      total 229888K, used 216576K [0x00000000eab00000, 0x00000000f9980000, 0x0000000100000000)
  eden space 216576K, 100% used [0x00000000eab00000,0x00000000f7e80000,0x00000000f7e80000)
  from space 13312K, 0% used [0x00000000f8b80000,0x00000000f8b80000,0x00000000f9880000)
  to   space 13312K, 0% used [0x00000000f7e80000,0x00000000f7e80000,0x00000000f8b80000)
 ParOldGen       total 142336K, used 15971K [0x00000000c0000000, 0x00000000c8b00000, 0x00000000eab00000)
  object space 142336K, 11% used [0x00000000c0000000,0x00000000c0f98fa8,0x00000000c8b00000)
 Metaspace       used 43262K, capacity 45532K, committed 45696K, reserved 1087488K
  class space    used 6208K, capacity 6672K, committed 6784K, reserved 1048576K
Event: 9.718 GC heap after
Heap after GC invocations=9 (full 2):
 PSYoungGen      total 229888K, used 13298K [0x00000000eab00000, 0x00000000ff180000, 0x0000000100000000)
  eden space 216576K, 0% used [0x00000000eab00000,0x00000000eab00000,0x00000000f7e80000)
  from space 13312K, 99% used [0x00000000f7e80000,0x00000000f8b7c8d8,0x00000000f8b80000)
  to   space 15360K, 0% used [0x00000000fe280000,0x00000000fe280000,0x00000000ff180000)
 ParOldGen       total 142336K, used 17426K [0x00000000c0000000, 0x00000000c8b00000, 0x00000000eab00000)
  object space 142336K, 12% used [0x00000000c0000000,0x00000000c1104848,0x00000000c8b00000)
 Metaspace       used 43262K, capacity 45532K, committed 45696K, reserved 1087488K
  class space    used 6208K, capacity 6672K, committed 6784K, reserved 1048576K
}
Event: 12.224 GC heap before
{Heap before GC invocations=10 (full 2):
 PSYoungGen      total 229888K, used 229874K [0x00000000eab00000, 0x00000000ff180000, 0x0000000100000000)
  eden space 216576K, 100% used [0x00000000eab00000,0x00000000f7e80000,0x00000000f7e80000)
  from space 13312K, 99% used [0x00000000f7e80000,0x00000000f8b7c8d8,0x00000000f8b80000)
  to   space 15360K, 0% used [0x00000000fe280000,0x00000000fe280000,0x00000000ff180000)
 ParOldGen       total 142336K, used 17426K [0x00000000c0000000, 0x00000000c8b00000, 0x00000000eab00000)
  object space 142336K, 12% used [0x00000000c0000000,0x00000000c1104848,0x00000000c8b00000)
 Metaspace       used 53773K, capacity 57152K, committed 57344K, reserved 1097728K
  class space    used 7762K, capacity 8405K, committed 8448K, reserved 1048576K
Event: 12.246 GC heap after
Heap after GC invocations=10 (full 2):
 PSYoungGen      total 313344K, used 15356K [0x00000000eab00000, 0x00000000ff500000, 0x0000000100000000)
  eden space 297984K, 0% used [0x00000000eab00000,0x00000000eab00000,0x00000000fce00000)
  from space 15360K, 99% used [0x00000000fe280000,0x00000000ff17f140,0x00000000ff180000)
  to   space 19968K, 0% used [0x00000000fce00000,0x00000000fce00000,0x00000000fe180000)
 ParOldGen       total 142336K, used 23395K [0x00000000c0000000, 0x00000000c8b00000, 0x00000000eab00000)
  object space 142336K, 16% used [0x00000000c0000000,0x00000000c16d8fc0,0x00000000c8b00000)
 Metaspace       used 53773K, capacity 57152K, committed 57344K, reserved 1097728K
  class space    used 7762K, capacity 8405K, committed 8448K, reserved 1048576K
}
Event: 12.640 GC heap before
{Heap before GC invocations=11 (full 2):
 PSYoungGen      total 313344K, used 39242K [0x00000000eab00000, 0x00000000ff500000, 0x0000000100000000)
  eden space 297984K, 8% used [0x00000000eab00000,0x00000000ec253708,0x00000000fce00000)
  from space 15360K, 99% used [0x00000000fe280000,0x00000000ff17f140,0x00000000ff180000)
  to   space 19968K, 0% used [0x00000000fce00000,0x00000000fce00000,0x00000000fe180000)
 ParOldGen       total 142336K, used 23395K [0x00000000c0000000, 0x00000000c8b00000, 0x00000000eab00000)
  object space 142336K, 16% used [0x00000000c0000000,0x00000000c16d8fc0,0x00000000c8b00000)
 Metaspace       used 55470K, capacity 59016K, committed 59096K, reserved 1099776K
  class space    used 7969K, capacity 8651K, committed 8704K, reserved 1048576K
Event: 12.653 GC heap after
Heap after GC invocations=11 (full 2):
 PSYoungGen      total 317952K, used 15755K [0x00000000eab00000, 0x0000000100000000, 0x0000000100000000)
  eden space 297984K, 0% used [0x00000000eab00000,0x00000000eab00000,0x00000000fce00000)
  from space 19968K, 78% used [0x00000000fce00000,0x00000000fdd62ed0,0x00000000fe180000)
  to   space 20480K, 0% used [0x00000000fec00000,0x00000000fec00000,0x0000000100000000)
 ParOldGen       total 142336K, used 23403K [0x00000000c0000000, 0x00000000c8b00000, 0x00000000eab00000)
  object space 142336K, 16% used [0x00000000c0000000,0x00000000c16dafc0,0x00000000c8b00000)
 Metaspace       used 55470K, capacity 59016K, committed 59096K, reserved 1099776K
  class space    used 7969K, capacity 8651K, committed 8704K, reserved 1048576K
}
Event: 12.653 GC heap before
{Heap before GC invocations=12 (full 3):
 PSYoungGen      total 317952K, used 15755K [0x00000000eab00000, 0x0000000100000000, 0x0000000100000000)
  eden space 297984K, 0% used [0x00000000eab00000,0x00000000eab00000,0x00000000fce00000)
  from space 19968K, 78% used [0x00000000fce00000,0x00000000fdd62ed0,0x00000000fe180000)
  to   space 20480K, 0% used [0x00000000fec00000,0x00000000fec00000,0x0000000100000000)
 ParOldGen       total 142336K, used 23403K [0x00000000c0000000, 0x00000000c8b00000, 0x00000000eab00000)
  object space 142336K, 16% used [0x00000000c0000000,0x00000000c16dafc0,0x00000000c8b00000)
 Metaspace       used 55470K, capacity 59016K, committed 59096K, reserved 1099776K
  class space    used 7969K, capacity 8651K, committed 8704K, reserved 1048576K
Event: 12.854 GC heap after
Heap after GC invocations=12 (full 3):
 PSYoungGen      total 317952K, used 0K [0x00000000eab00000, 0x0000000100000000, 0x0000000100000000)
  eden space 297984K, 0% used [0x00000000eab00000,0x00000000eab00000,0x00000000fce00000)
  from space 19968K, 0% used [0x00000000fce00000,0x00000000fce00000,0x00000000fe180000)
  to   space 20480K, 0% used [0x00000000fec00000,0x00000000fec00000,0x0000000100000000)
 ParOldGen       total 203776K, used 29040K [0x00000000c0000000, 0x00000000cc700000, 0x00000000eab00000)
  object space 203776K, 14% used [0x00000000c0000000,0x00000000c1c5c2b8,0x00000000cc700000)
 Metaspace       used 55408K, capacity 58812K, committed 59096K, reserved 1099776K
  class space    used 7950K, capacity 8617K, committed 8704K, reserved 1048576K
}

Deoptimization events (10 events):
Event: 12.532 Thread 0x0000000019b9b000 Uncommon trap: reason=class_check action=maybe_recompile pc=0x00000000029c7110 method=java.util.regex.Matcher.getTextLength()I @ 4
Event: 12.543 Thread 0x0000000019b9b000 Uncommon trap: reason=class_check action=maybe_recompile pc=0x00000000029b7964 method=java.util.regex.Matcher.getTextLength()I @ 4
Event: 12.606 Thread 0x0000000019b9b000 Uncommon trap: reason=unstable_if action=reinterpret pc=0x0000000002a5f8a8 method=io.spring.gradle.dependencymanagement.org.codehaus.plexus.util.xml.pull.MXParser.isS(C)Z @ 15
Event: 12.606 Thread 0x0000000019b9b000 Uncommon trap: reason=unstable_if action=reinterpret pc=0x000000000361e08c method=io.spring.gradle.dependencymanagement.org.codehaus.plexus.util.xml.pull.MXParser.nextImpl()I @ 934
Event: 12.609 Thread 0x0000000019b9b000 Uncommon trap: reason=unstable_if action=reinterpret pc=0x0000000002e34754 method=sun.nio.cs.UTF_8$Decoder.decodeArrayLoop(Ljava/nio/ByteBuffer;Ljava/nio/CharBuffer;)Ljava/nio/charset/CoderResult; @ 84
Event: 12.610 Thread 0x0000000019b9b000 Uncommon trap: reason=unstable_if action=reinterpret pc=0x0000000002cf848c method=sun.nio.cs.UTF_8$Decoder.decodeArrayLoop(Ljava/nio/ByteBuffer;Ljava/nio/CharBuffer;)Ljava/nio/charset/CoderResult; @ 84
Event: 12.639 Thread 0x0000000019b9b000 Uncommon trap: reason=null_check action=make_not_entrant pc=0x0000000003666920 method=io.spring.gradle.dependencymanagement.org.apache.maven.model.io.xpp3.MavenXpp3Reader.checkFieldWithDuplicate(Lio/spring/gradle/dependencymanagement/org/codehaus/plexus/u
Event: 12.854 Thread 0x0000000002589000 Uncommon trap: reason=unstable_if action=reinterpret pc=0x0000000002c69b20 method=java.util.HashMap$HashIterator.<init>(Ljava/util/HashMap;)V @ 45
Event: 12.856 Thread 0x0000000019b9b000 Uncommon trap: reason=unstable_if action=reinterpret pc=0x000000000366b150 method=io.spring.gradle.dependencymanagement.org.codehaus.plexus.util.xml.pull.MXParser.nextImpl()I @ 495
Event: 12.880 Thread 0x0000000019b9b000 Uncommon trap: reason=unstable_if action=reinterpret pc=0x00000000034fed18 method=java.lang.String.regionMatches(ZILjava/lang/String;II)Z @ 25

Classes redefined (0 events):
No events

Internal exceptions (10 events):
Event: 12.295 Thread 0x0000000019b9f800 Exception <a 'java/lang/NoSuchMethodError': <clinit>> (0x00000000eac2da78) thrown at [C:\re\workspace\8-2-build-windows-amd64-cygwin\jdk8u221\13320\hotspot\src\share\vm\prims\jni.cpp, line 1614]
Event: 12.295 Thread 0x0000000019b9f800 Exception <a 'java/lang/NoSuchMethodError': <clinit>> (0x00000000eac3b2b8) thrown at [C:\re\workspace\8-2-build-windows-amd64-cygwin\jdk8u221\13320\hotspot\src\share\vm\prims\jni.cpp, line 1614]
Event: 12.296 Thread 0x0000000019b9f800 Exception <a 'java/lang/NoSuchMethodError': <clinit>> (0x00000000eac470d8) thrown at [C:\re\workspace\8-2-build-windows-amd64-cygwin\jdk8u221\13320\hotspot\src\share\vm\prims\jni.cpp, line 1614]
Event: 12.299 Thread 0x0000000019b9f800 Exception <a 'java/lang/NoSuchMethodError': <clinit>> (0x00000000eac50628) thrown at [C:\re\workspace\8-2-build-windows-amd64-cygwin\jdk8u221\13320\hotspot\src\share\vm\prims\jni.cpp, line 1614]
Event: 12.301 Thread 0x0000000019b9f800 Exception <a 'java/lang/NoSuchMethodError': <clinit>> (0x00000000eac674e0) thrown at [C:\re\workspace\8-2-build-windows-amd64-cygwin\jdk8u221\13320\hotspot\src\share\vm\prims\jni.cpp, line 1614]
Event: 12.302 Thread 0x0000000019b9f800 Exception <a 'java/lang/NoSuchMethodError': <clinit>> (0x00000000eac69018) thrown at [C:\re\workspace\8-2-build-windows-amd64-cygwin\jdk8u221\13320\hotspot\src\share\vm\prims\jni.cpp, line 1614]
Event: 12.302 Thread 0x0000000019b9f800 Exception <a 'java/lang/NoSuchMethodError': <clinit>> (0x00000000eac6b040) thrown at [C:\re\workspace\8-2-build-windows-amd64-cygwin\jdk8u221\13320\hotspot\src\share\vm\prims\jni.cpp, line 1614]
Event: 12.318 Thread 0x000000001a251000 Exception <a 'java/lang/NoSuchMethodError': <clinit>> (0x00000000eb6869d0) thrown at [C:\re\workspace\8-2-build-windows-amd64-cygwin\jdk8u221\13320\hotspot\src\share\vm\prims\jni.cpp, line 1614]
Event: 12.511 Thread 0x0000000019b9b000 Implicit null exception at 0x00000000035c38de to 0x00000000035c4589
Event: 12.639 Thread 0x0000000019b9b000 Implicit null exception at 0x0000000003665612 to 0x0000000003666909

Events (10 events):
Event: 12.872 loading class io/spring/gradle/dependencymanagement/org/apache/maven/model/ActivationFile done
Event: 12.876 loading class io/spring/gradle/dependencymanagement/org/apache/maven/model/profile/activation/JdkVersionProfileActivator$RangeValue
Event: 12.876 loading class io/spring/gradle/dependencymanagement/org/apache/maven/model/profile/activation/JdkVersionProfileActivator$RangeValue done
Event: 12.877 loading class io/spring/gradle/dependencymanagement/org/codehaus/plexus/interpolation/RegexBasedInterpolator
Event: 12.877 loading class io/spring/gradle/dependencymanagement/org/codehaus/plexus/interpolation/RegexBasedInterpolator done
Event: 12.877 Executing VM operation: Deoptimize
Event: 12.878 Executing VM operation: Deoptimize done
Event: 12.880 Thread 0x0000000019b9b000 Uncommon trap: trap_request=0xffffff65 fr.pc=0x00000000034fed18
Event: 12.880 Thread 0x0000000019b9b000 DEOPT PACKING pc=0x00000000034fed18 sp=0x000000001b5b9880
Event: 12.881 Thread 0x0000000019b9b000 DEOPT UNPACKING pc=0x000000000269583b sp=0x000000001b5b9808 mode 2


Dynamic libraries:
0x00007ff726310000 - 0x00007ff726347000 	D:\utils\Java\jdk1.8.0_221\bin\java.exe
0x00007fff8e4d0000 - 0x00007fff8e6c8000 	C:\windows\SYSTEM32\ntdll.dll
0x00007fff8dd90000 - 0x00007fff8de4f000 	C:\windows\System32\KERNEL32.DLL
0x00007fff8bc90000 - 0x00007fff8bf86000 	C:\windows\System32\KERNELBASE.dll
0x000000005d530000 - 0x000000005d5c3000 	C:\windows\System32\SYSFER.DLL
0x00007fff8dce0000 - 0x00007fff8dd8f000 	C:\windows\System32\ADVAPI32.dll
0x00007fff8e320000 - 0x00007fff8e3be000 	C:\windows\System32\msvcrt.dll
0x00007fff8dc40000 - 0x00007fff8dcdc000 	C:\windows\System32\sechost.dll
0x00007fff8d3e0000 - 0x00007fff8d506000 	C:\windows\System32\RPCRT4.dll
0x00007fff8c870000 - 0x00007fff8ca0d000 	C:\windows\System32\USER32.dll
0x00007fff8c230000 - 0x00007fff8c252000 	C:\windows\System32\win32u.dll
0x00007fff8de50000 - 0x00007fff8de7c000 	C:\windows\System32\GDI32.dll
0x00007fff8c030000 - 0x00007fff8c145000 	C:\windows\System32\gdi32full.dll
0x00007fff8bf90000 - 0x00007fff8c02d000 	C:\windows\System32\msvcp_win.dll
0x00007fff8c430000 - 0x00007fff8c530000 	C:\windows\System32\ucrtbase.dll
0x00007fff6fa40000 - 0x00007fff6fcda000 	C:\windows\WinSxS\amd64_microsoft.windows.common-controls_6595b64144ccf1df_6.0.19041.1110_none_60b5254171f9507e\COMCTL32.dll
0x00007fff8c780000 - 0x00007fff8c788000 	C:\windows\System32\psapi.dll
0x00007fff8d280000 - 0x00007fff8d2b0000 	C:\windows\System32\IMM32.DLL
0x000000005d1c0000 - 0x000000005d292000 	D:\utils\Java\jdk1.8.0_221\jre\bin\msvcr100.dll
0x000000005c910000 - 0x000000005d1b5000 	D:\utils\Java\jdk1.8.0_221\jre\bin\server\jvm.dll
0x00007fff612f0000 - 0x00007fff612f9000 	C:\windows\SYSTEM32\WSOCK32.dll
0x00007fff8e420000 - 0x00007fff8e48b000 	C:\windows\System32\WS2_32.dll
0x00007fff69c40000 - 0x00007fff69c67000 	C:\windows\SYSTEM32\WINMM.dll
0x00007fff83770000 - 0x00007fff8377a000 	C:\windows\SYSTEM32\VERSION.dll
0x00007fff87210000 - 0x00007fff8721f000 	D:\utils\Java\jdk1.8.0_221\jre\bin\verify.dll
0x00007fff53d40000 - 0x00007fff53d69000 	D:\utils\Java\jdk1.8.0_221\jre\bin\java.dll
0x00007fff84660000 - 0x00007fff84676000 	D:\utils\Java\jdk1.8.0_221\jre\bin\zip.dll
0x00007fff8ca10000 - 0x00007fff8d154000 	C:\windows\System32\SHELL32.dll
0x00007fff89a10000 - 0x00007fff8a1a3000 	C:\windows\SYSTEM32\windows.storage.dll
0x00007fff8de80000 - 0x00007fff8e1d4000 	C:\windows\System32\combase.dll
0x00007fff8b4b0000 - 0x00007fff8b4de000 	C:\windows\SYSTEM32\Wldp.dll
0x00007fff8db90000 - 0x00007fff8dc3d000 	C:\windows\System32\SHCORE.dll
0x00007fff8e3c0000 - 0x00007fff8e415000 	C:\windows\System32\shlwapi.dll
0x00007fff8baf0000 - 0x00007fff8bb0f000 	C:\windows\SYSTEM32\profapi.dll
0x00007fff83d50000 - 0x00007fff83d6a000 	D:\utils\Java\jdk1.8.0_221\jre\bin\net.dll
0x00007fff747d0000 - 0x00007fff749bc000 	C:\windows\SYSTEM32\urlmon.dll
0x00007fff74b70000 - 0x00007fff74e21000 	C:\windows\SYSTEM32\iertutil.dll
0x00007fff8a7d0000 - 0x00007fff8a7f8000 	C:\windows\SYSTEM32\srvcli.dll
0x00007fff8af70000 - 0x00007fff8af7c000 	C:\windows\SYSTEM32\netutils.dll
0x00007fff8b290000 - 0x00007fff8b2fa000 	C:\windows\system32\mswsock.dll
0x00007fff613d0000 - 0x00007fff613e2000 	D:\utils\Java\jdk1.8.0_221\jre\bin\nio.dll
0x00007fff564f0000 - 0x00007fff56517000 	C:\Users\HAMZIM\.gradle\native\e1d6ef7f7dcc3fd88c89a11ec53ec762bb8ba0a96d01ffa2cd45eb1d1d8dd5c5\windows-amd64\native-platform.dll
0x00007fff48960000 - 0x00007fff48aa4000 	C:\Users\HAMZIM\.gradle\native\0d407fdbe67a94daf76414ababcb853783967236a71b16ec16e742cd7a986fd3\windows-amd64\native-platform-file-events.dll
0x00007fff86fc0000 - 0x00007fff86fcd000 	D:\utils\Java\jdk1.8.0_221\jre\bin\management.dll
0x00007fff8b4f0000 - 0x00007fff8b508000 	C:\windows\SYSTEM32\CRYPTSP.dll
0x00007fff8ab60000 - 0x00007fff8ab94000 	C:\windows\system32\rsaenh.dll
0x00007fff8c200000 - 0x00007fff8c227000 	C:\windows\System32\bcrypt.dll
0x00007fff8bab0000 - 0x00007fff8bade000 	C:\windows\SYSTEM32\USERENV.dll
0x00007fff8bbb0000 - 0x00007fff8bc32000 	C:\windows\System32\bcryptprimitives.dll
0x00007fff8b420000 - 0x00007fff8b42c000 	C:\windows\SYSTEM32\CRYPTBASE.dll
0x00007fff8af30000 - 0x00007fff8af6c000 	C:\windows\SYSTEM32\IPHLPAPI.DLL
0x00007fff8c5e0000 - 0x00007fff8c5e8000 	C:\windows\System32\NSI.dll
0x00007fff84720000 - 0x00007fff84737000 	C:\windows\SYSTEM32\dhcpcsvc6.DLL
0x00007fff846f0000 - 0x00007fff8470d000 	C:\windows\SYSTEM32\dhcpcsvc.DLL
0x00007fff8af80000 - 0x00007fff8b04a000 	C:\windows\SYSTEM32\DNSAPI.dll

VM Arguments:
jvm_args: -XX:MaxMetaspaceSize=512m -Xmx1024m -Dfile.encoding=windows-1252 -Djavax.net.ssl.keyStore=D:/utils/Java/jdk1.8.0_221/jre/lib/security/cacerts -Djavax.net.ssl.keyStorePassword=changeit -Duser.country=FR -Duser.language=fr -Duser.variant 
java_command: org.gradle.launcher.daemon.bootstrap.GradleDaemon 7.4
java_class_path (initial): C:\Users\HAMZIM\.gradle\wrapper\dists\gradle-7.4-bin\c0gwcg53nkjbqw7r0h0umtfvt\gradle-7.4\lib\gradle-launcher-7.4.jar
Launcher Type: SUN_STANDARD

Environment Variables:
JAVA_HOME=D:\utils\Java\jdk1.8.0_221
PATH=C:\windows\system32;C:\windows;C:\windows\System32\Wbem;C:\windows\System32\WindowsPowerShell\v1.0\;C:\windows\System32\OpenSSH\;C:\Program Files (x86)\Pulse Secure\VC142.CRT\X64\;C:\Program Files (x86)\Pulse Secure\VC142.CRT\X86\;C:\Program Files\Docker\Docker\resources\bin;C:\Users\HAMZIM\AppData\Local\Microsoft\WindowsApps;C:\Users\HAMZIM\AppData\Local\JetBrains\IntelliJ IDEA 2022.1.4\bin;;C:\Users\HAMZIM\AppData\Local\Programs\Git\cmd;D:\utils\apache-maven-3.8.6\bin;D:\utils\gradle-7.5\bin;D:\utils\Java\jdk1.8.0_221\bin;C:\Windows\System32;C:\Users\HAMZIM\AppData\Local\Programs\Microsoft VS Code\bin;C:\Users\HAMZIM\AppData\Local\GitHubDesktop\bin;C:\Users\HAMZIM\AppData\Roaming\pgsql;
USERNAME=HAMZIM
OS=Windows_NT
PROCESSOR_IDENTIFIER=Intel64 Family 6 Model 140 Stepping 1, GenuineIntel



---------------  S Y S T E M  ---------------

OS: Windows 10.0 , 64 bit Build 19041 (10.0.19041.3031)

CPU:total 8 (initial active 8) (4 cores per cpu, 2 threads per core) family 6 model 140 stepping 1, cmov, cx8, fxsr, mmx, sse, sse2, sse3, ssse3, sse4.1, sse4.2, popcnt, avx, avx2, aes, clmul, erms, 3dnowpref, lzcnt, ht, tsc, tscinvbit, bmi1, bmi2, adx

Memory: 4k page, physical 15991004k(1377788k free), swap 20185308k(5204k free)

vm_info: Java HotSpot(TM) 64-Bit Server VM (25.221-b11) for windows-amd64 JRE (1.8.0_221-b11), built on Jul  4 2019 04:39:29 by "java_re" with MS VC++ 10.0 (VS2010)

time: Tue Jul 18 11:44:37 2023
timezone: Maroc (heure d’été)
elapsed time: 12 seconds (0d 0h 0m 12s)

